<?xml version="1.0" encoding="UTF-8"?>
<testsuite xmlns:xsi="http://www.w3.org/2001/XMLSchema-instance" xsi:noNamespaceSchemaLocation="https://maven.apache.org/surefire/maven-surefire-plugin/xsd/surefire-test-report.xsd" name="Maven_project.Maven_project.Testproject" time="0.01" tests="2" errors="0" skipped="0" failures="0">
  <properties>
[...]
</properties>
  <testcase name="disp" classname="Maven_project.Maven_project.Testproject" time="0.001"/>
  <testcase name="disp3" classname="Maven_project.Maven_project.Testproject" time="0.003"/>
</testsuite>